{"numTotalTestSuites":28,"numPassedTestSuites":22,"numFailedTestSuites":6,"numPendingTestSuites":0,"numTotalTests":15,"numPassedTests":12,"numFailedTests":3,"numPendingTests":0,"numTodoTests":0,"snapshot":{"added":0,"failure":false,"filesAdded":0,"filesRemoved":0,"filesRemovedList":[],"filesUnmatched":0,"filesUpdated":0,"matched":0,"total":0,"unchecked":0,"uncheckedKeysByFile":[],"unmatched":0,"updated":0,"didUpdate":false},"startTime":1774472723564,"success":false,"testResults":[{"assertionResults":[{"ancestorTitles":["AccountsPage"],"fullName":"AccountsPage renders the chart of accounts table","status":"passed","title":"renders the chart of accounts table","duration":291.04289999999946,"failureMessages":[],"meta":{},"tags":[]}],"startTime":1774472733228,"endTime":1774472733519.043,"status":"passed","message":"","name":"C:/Users/dynamic computer/Desktop/work/projects/rayyan project/frontend/src/tests/AccountsPage.test.tsx"},{"assertionResults":[{"ancestorTitles":["BankPage"],"fullName":"BankPage renders the bank accounts summary","status":"failed","title":"renders the bank accounts summary","duration":1116.1938,"failureMessages":["Error: Found multiple elements with the text: Main Operating\n\nHere are the matching elements:\n\nIgnored nodes: comments, script, style\n\u001b[36m<span\u001b[39m\n  \u001b[33mclass\u001b[39m=\u001b[32m\"stat-label\"\u001b[39m\n\u001b[36m>\u001b[39m\n  \u001b[0mMain Operating\u001b[0m\n\u001b[36m</span>\u001b[39m\n\nIgnored nodes: comments, script, style\n\u001b[36m<td\u001b[39m\n  \u001b[33mstyle\u001b[39m=\u001b[32m\"text-align: left;\"\u001b[39m\n\u001b[36m>\u001b[39m\n  \u001b[0mMain Operating\u001b[0m\n\u001b[36m</td>\u001b[39m\n\n(If this is intentional, then use the `*AllBy*` variant of the query (like `queryAllByText`, `getAllByText`, or `findAllByText`)).\n\nIgnored nodes: comments, script, style\n\u001b[36m<body>\u001b[39m\n  \u001b[36m<div>\u001b[39m\n    \u001b[36m<div\u001b[39m\n      \u001b[33mclass\u001b[39m=\u001b[32m\"bank-page\"\u001b[39m\n    \u001b[36m>\u001b[39m\n      \u001b[36m<div\u001b[39m\n        \u001b[33mclass\u001b[39m=\u001b[32m\"page-header\"\u001b[39m\n      \u001b[36m>\u001b[39m\n        \u001b[36m<div\u001b[39m\n          \u001b[33mclass\u001b[39m=\u001b[32m\"header-title-row\"\u001b[39m\n        \u001b[36m>\u001b[39m\n          \u001b[36m<h1\u001b[39m\n            \u001b[33mclass\u001b[39m=\u001b[32m\"page-title\"\u001b[39m\n          \u001b[36m>\u001b[39m\n            \u001b[0mBank & Cash\u001b[0m\n          \u001b[36m</h1>\u001b[39m\n        \u001b[36m</div>\u001b[39m\n      \u001b[36m</div>\u001b[39m\n      \u001b[36m<div\u001b[39m\n        \u001b[33mclass\u001b[39m=\u001b[32m\"stat-grid\"\u001b[39m\n      \u001b[36m>\u001b[39m\n        \u001b[36m<div\u001b[39m\n          \u001b[33mclass\u001b[39m=\u001b[32m\"stat-card primary\"\u001b[39m\n        \u001b[36m>\u001b[39m\n          \u001b[36m<div\u001b[39m\n            \u001b[33mclass\u001b[39m=\u001b[32m\"stat-card-header\"\u001b[39m\n          \u001b[36m>\u001b[39m\n            \u001b[36m<span\u001b[39m\n              \u001b[33mclass\u001b[39m=\u001b[32m\"stat-label\"\u001b[39m\n            \u001b[36m>\u001b[39m\n              \u001b[0mMain Operating\u001b[0m\n            \u001b[36m</span>\u001b[39m\n            \u001b[36m<span\u001b[39m\n              \u001b[33mclass\u001b[39m=\u001b[32m\"stat-icon\"\u001b[39m\n            \u001b[36m>\u001b[39m\n              \u001b[0m🏦\u001b[0m\n            \u001b[36m</span>\u001b[39m\n          \u001b[36m</div>\u001b[39m\n          \u001b[36m<div\u001b[39m\n            \u001b[33mclass\u001b[39m=\u001b[32m\"stat-value\"\u001b[39m\n          \u001b[36m>\u001b[39m\n            \u001b[0m$25,000.00\u001b[0m\n          \u001b[36m</div>\u001b[39m\n        \u001b[36m</div>\u001b[39m\n      \u001b[36m</div>\u001b[39m\n      \u001b[36m<div\u001b[39m\n        \u001b[33mclass\u001b[39m=\u001b[32m\"table-card\"\u001b[39m\n      \u001b[36m>\u001b[39m\n        \u001b[36m<h3\u001b[39m\n          \u001b[33mclass\u001b[39m=\u001b[32m\"section-title\"\u001b[39m\n          \u001b[33mstyle\u001b[39m=\u001b[32m\"padding: 20px 24px; border-bottom: 1px solid var(--border);\"\u001b[39m\n        \u001b[36m>\u001b[39m\n          \u001b[0mAccount Details\u001b[0m\n        \u001b[36m</h3>\u001b[39m\n        \u001b[36m<div\u001b[39m\n          \u001b[33mclass\u001b[39m=\u001b[32m\"table-container\"\u001b[39m\n        \u001b[36m>\u001b[39m\n          \u001b[36m<table\u001b[39m\n            \u001b[33mclass\u001b[39m=\u001b[32m\"data-table\"\u001b[39m\n          \u001b[36m>\u001b[39m\n            \u001b[36m<thead>\u001b[39m\n              \u001b[36m<tr>\u001b[39m\n                \u001b[36m<th\u001b[39m\n                  \u001b[33mstyle\u001b[39m=\u001b[32m\"text-align: left;\"\u001b[39m\n                \u001b[36m>\u001b[39m\n                  \u001b[0mAccount Name\u001b[0m\n                \u001b[36m</th>\u001b[39m\n                \u001b[36m<th\u001b[39m\n                  \u001b[33mstyle\u001b[39m=\u001b[32m\"text-align: left;\"\u001b[39m\n                \u001b[36m>\u001b[39m\n                  \u001b[0mAccount Number\u001b[0m\n                \u001b[36m</th>\u001b[39m\n                \u001b[36m<th\u001b[39m\n                  \u001b[33mstyle\u001b[39m=\u001b[32m\"text-align: right;\"\u001b[39m\n                \u001b[36m>\u001b[39m\n                  \u001b[0mCurrent Balance\u001b[0m\n                \u001b[36m</th>\u001b[39m\n                \u001b[36m<th\u001b[39m\n                  \u001b[33mstyle\u001b[39m=\u001b[32m\"text-align: left;\"\u001b[39m\n                \u001b[36m>\u001b[39m\n                  \u001b[0mStatus\u001b[0m\n                \u001b[36m</th>\u001b[39m\n              \u001b[36m</tr>\u001b[39m\n            \u001b[36m</thead>\u001b[39m\n            \u001b[36m<tbody>\u001b[39m\n              \u001b[36m<tr\u001b[39m\n                \u001b[33mclass\u001b[39m=\u001b[32m\"\"\u001b[39m\n              \u001b[36m>\u001b[39m\n                \u001b[36m<td\u001b[39m\n                  \u001b[33mstyle\u001b[39m=\u001b[32m\"text-align: left;\"\u001b[39m\n                \u001b[36m>\u001b[39m\n                  \u001b[0mMain Operating\u001b[0m\n                \u001b[36m</td>\u001b[39m\n                \u001b[36m<td\u001b[39m\n                  \u001b[33mstyle\u001b[39m=\u001b[32m\"text-align: left;\"\u001b[39m\n                \u001b[36m>\u001b[39m\n                  \u001b[0m123456789\u001b[0m\n                \u001b[36m</td>\u001b[39m\n                \u001b[36m<td\u001b[39m\n                  \u001b[33mstyle\u001b[39m=\u001b[32m\"text-align: right;\"\u001b[39m\n                \u001b[36m>\u001b[39m\n                  \u001b[0m$25,000.00\u001b[0m\n                \u001b[36m</td>\u001b[39m\n                \u001b[36m<td\u001b[39m\n                  \u001b[33mstyle\u001b[39m=\u001b[32m\"text-align: left;\"\u001b[39m\n                \u001b[36m/>\u001b[39m\n              \u001b[36m</tr>\u001b[39m\n            \u001b[36m</tbody>\u001b[39m\n          \u001b[36m</table>\u001b[39m\n        \u001b[36m</div>\u001b[39m\n      \u001b[36m</div>\u001b[39m\n    \u001b[36m</div>\u001b[39m\n  \u001b[36m</div>\u001b[39m\n\u001b[36m</body>\u001b[39m\n    at Proxy.waitForWrapper (C:\\Users\\dynamic computer\\Desktop\\work\\projects\\rayyan project\\node_modules\\@testing-library\\dom\\dist\\wait-for.js:163:27)\n    at C:/Users/dynamic computer/Desktop/work/projects/rayyan project/frontend/src/tests/BankPage.test.tsx:33:11\n    at file:///C:/Users/dynamic%20computer/Desktop/work/projects/rayyan%20project/node_modules/@vitest/runner/dist/chunk-artifact.js:302:11\n    at file:///C:/Users/dynamic%20computer/Desktop/work/projects/rayyan%20project/node_modules/@vitest/runner/dist/chunk-artifact.js:1893:26\n    at file:///C:/Users/dynamic%20computer/Desktop/work/projects/rayyan%20project/node_modules/@vitest/runner/dist/chunk-artifact.js:2316:20\n    at new Promise (<anonymous>)\n    at runWithCancel (file:///C:/Users/dynamic%20computer/Desktop/work/projects/rayyan%20project/node_modules/@vitest/runner/dist/chunk-artifact.js:2313:10)\n    at file:///C:/Users/dynamic%20computer/Desktop/work/projects/rayyan%20project/node_modules/@vitest/runner/dist/chunk-artifact.js:2295:20\n    at new Promise (<anonymous>)\n    at runWithTimeout (file:///C:/Users/dynamic%20computer/Desktop/work/projects/rayyan%20project/node_modules/@vitest/runner/dist/chunk-artifact.js:2262:10)"],"meta":{},"tags":[]}],"startTime":1774472727732,"endTime":1774472728848.1938,"status":"failed","message":"","name":"C:/Users/dynamic computer/Desktop/work/projects/rayyan project/frontend/src/tests/BankPage.test.tsx"},{"assertionResults":[{"ancestorTitles":["CustomerFormPage"],"fullName":"CustomerFormPage submits the form and redirects","status":"failed","title":"submits the form and redirects","duration":193.96050000000014,"failureMessages":["TestingLibraryElementError: Unable to find an element with the text: /Save Customer/i. This could be because the text is broken up by multiple elements. In this case, you can provide a function for your text matcher to make your matcher more flexible.\n\nIgnored nodes: comments, script, style\n\u001b[36m<body>\u001b[39m\n  \u001b[36m<div>\u001b[39m\n    \u001b[36m<div\u001b[39m\n      \u001b[33mclass\u001b[39m=\u001b[32m\"customer-form-page\"\u001b[39m\n    \u001b[36m>\u001b[39m\n      \u001b[36m<div\u001b[39m\n        \u001b[33mclass\u001b[39m=\u001b[32m\"page-header\"\u001b[39m\n      \u001b[36m>\u001b[39m\n        \u001b[36m<div\u001b[39m\n          \u001b[33mclass\u001b[39m=\u001b[32m\"header-title-row\"\u001b[39m\n        \u001b[36m>\u001b[39m\n          \u001b[36m<button\u001b[39m\n            \u001b[33mclass\u001b[39m=\u001b[32m\"back-button\"\u001b[39m\n          \u001b[36m>\u001b[39m\n            \u001b[0m←\u001b[0m\n          \u001b[36m</button>\u001b[39m\n          \u001b[36m<h1\u001b[39m\n            \u001b[33mclass\u001b[39m=\u001b[32m\"page-title\"\u001b[39m\n          \u001b[36m>\u001b[39m\n            \u001b[0mNew Customer\u001b[0m\n          \u001b[36m</h1>\u001b[39m\n        \u001b[36m</div>\u001b[39m\n      \u001b[36m</div>\u001b[39m\n      \u001b[36m<div\u001b[39m\n        \u001b[33mclass\u001b[39m=\u001b[32m\"form-card\"\u001b[39m\n      \u001b[36m>\u001b[39m\n        \u001b[36m<form>\u001b[39m\n          \u001b[36m<div\u001b[39m\n            \u001b[33mclass\u001b[39m=\u001b[32m\"form-field \"\u001b[39m\n          \u001b[36m>\u001b[39m\n            \u001b[36m<label\u001b[39m\n              \u001b[33mclass\u001b[39m=\u001b[32m\"form-label\"\u001b[39m\n              \u001b[33mfor\u001b[39m=\u001b[32m\"field-2ipj0j0d3\"\u001b[39m\n            \u001b[36m>\u001b[39m\n              \u001b[0mCustomer Name\u001b[0m\n              \u001b[0m \u001b[0m\n              \u001b[36m<span\u001b[39m\n                \u001b[33mclass\u001b[39m=\u001b[32m\"required\"\u001b[39m\n              \u001b[36m>\u001b[39m\n                \u001b[0m*\u001b[0m\n              \u001b[36m</span>\u001b[39m\n            \u001b[36m</label>\u001b[39m\n            \u001b[36m<div\u001b[39m\n              \u001b[33mclass\u001b[39m=\u001b[32m\"form-control-wrapper\"\u001b[39m\n            \u001b[36m>\u001b[39m\n              \u001b[36m<input\u001b[39m\n                \u001b[33mid\u001b[39m=\u001b[32m\"field-2ipj0j0d3\"\u001b[39m\n                \u001b[33mplaceholder\u001b[39m=\u001b[32m\"e.g. BuildCorp Inc\"\u001b[39m\n                \u001b[33mrequired\u001b[39m=\u001b[32m\"\"\u001b[39m\n                \u001b[33mvalue\u001b[39m=\u001b[32m\"New Client\"\u001b[39m\n              \u001b[36m/>\u001b[39m\n            \u001b[36m</div>\u001b[39m\n          \u001b[36m</div>\u001b[39m\n          \u001b[36m<div\u001b[39m\n            \u001b[33mclass\u001b[39m=\u001b[32m\"form-field \"\u001b[39m\n          \u001b[36m>\u001b[39m\n            \u001b[36m<label\u001b[39m\n              \u001b[33mclass\u001b[39m=\u001b[32m\"form-label\"\u001b[39m\n              \u001b[33mfor\u001b[39m=\u001b[32m\"field-8tf9zdihu\"\u001b[39m\n            \u001b[36m>\u001b[39m\n              \u001b[0mPhone Number\u001b[0m\n              \u001b[0m \u001b[0m\n            \u001b[36m</label>\u001b[39m\n            \u001b[36m<div\u001b[39m\n              \u001b[33mclass\u001b[39m=\u001b[32m\"form-control-wrapper\"\u001b[39m\n            \u001b[36m>\u001b[39m\n              \u001b[36m<input\u001b[39m\n                \u001b[33mid\u001b[39m=\u001b[32m\"field-8tf9zdihu\"\u001b[39m\n                \u001b[33mplaceholder\u001b[39m=\u001b[32m\"e.g. 555-0200\"\u001b[39m\n                \u001b[33mvalue\u001b[39m=\u001b[32m\"111-2222\"\u001b[39m\n              \u001b[36m/>\u001b[39m\n            \u001b[36m</div>\u001b[39m\n          \u001b[36m</div>\u001b[39m\n          \u001b[36m<div\u001b[39m\n            \u001b[33mclass\u001b[39m=\u001b[32m\"form-field \"\u001b[39m\n          \u001b[36m>\u001b[39m\n            \u001b[36m<label\u001b[39m\n              \u001b[33mclass\u001b[39m=\u001b[32m\"form-label\"\u001b[39m\n              \u001b[33mfor\u001b[39m=\u001b[32m\"field-mdj0sunx5\"\u001b[39m\n            \u001b[36m>\u001b[39m\n              \u001b[0mFull Address\u001b[0m\n              \u001b[0m \u001b[0m\n            \u001b[36m</label>\u001b[39m\n            \u001b[36m<div\u001b[39m\n              \u001b[33mclass\u001b[39m=\u001b[32m\"form-control-wrapper\"\u001b[39m\n            \u001b[36m>\u001b[39m\n              \u001b[36m<textarea\u001b[39m\n                \u001b[33mid\u001b[39m=\u001b[32m\"field-mdj0sunx5\"\u001b[39m\n                \u001b[33mplaceholder\u001b[39m=\u001b[32m\"e.g. 456 Build Ave, City\"\u001b[39m\n                \u001b[33mrows\u001b[39m=\u001b[32m\"3\"\u001b[39m\n              \u001b[36m/>\u001b[39m\n            \u001b[36m</div>\u001b[39m\n          \u001b[36m</div>\u001b[39m\n          \u001b[36m<div\u001b[39m\n            \u001b[33mclass\u001b[39m=\u001b[32m\"form-actions\"\u001b[39m\n          \u001b[36m>\u001b[39m\n            \u001b[36m<button\u001b[39m\n              \u001b[33mclass\u001b[39m=\u001b[32m\"primary-button\"\u001b[39m\n              \u001b[33mtype\u001b[39m=\u001b[32m\"submit\"\u001b[39m\n            \u001b[36m>\u001b[39m\n              \u001b[0mCreate Customer\u001b[0m\n            \u001b[36m</button>\u001b[39m\n          \u001b[36m</div>\u001b[39m\n        \u001b[36m</form>\u001b[39m\n      \u001b[36m</div>\u001b[39m\n    \u001b[36m</div>\u001b[39m\n  \u001b[36m</div>\u001b[39m\n\u001b[36m</body>\u001b[39m\n    at Object.getElementError (C:\\Users\\dynamic computer\\Desktop\\work\\projects\\rayyan project\\node_modules\\@testing-library\\dom\\dist\\config.js:37:19)\n    at C:\\Users\\dynamic computer\\Desktop\\work\\projects\\rayyan project\\node_modules\\@testing-library\\dom\\dist\\query-helpers.js:76:38\n    at C:\\Users\\dynamic computer\\Desktop\\work\\projects\\rayyan project\\node_modules\\@testing-library\\dom\\dist\\query-helpers.js:52:17\n    at C:\\Users\\dynamic computer\\Desktop\\work\\projects\\rayyan project\\node_modules\\@testing-library\\dom\\dist\\query-helpers.js:95:19\n    at C:/Users/dynamic computer/Desktop/work/projects/rayyan project/frontend/src/tests/CustomerFormPage.test.tsx:38:28\n    at file:///C:/Users/dynamic%20computer/Desktop/work/projects/rayyan%20project/node_modules/@vitest/runner/dist/chunk-artifact.js:302:11\n    at file:///C:/Users/dynamic%20computer/Desktop/work/projects/rayyan%20project/node_modules/@vitest/runner/dist/chunk-artifact.js:1893:26\n    at file:///C:/Users/dynamic%20computer/Desktop/work/projects/rayyan%20project/node_modules/@vitest/runner/dist/chunk-artifact.js:2316:20\n    at new Promise (<anonymous>)\n    at runWithCancel (file:///C:/Users/dynamic%20computer/Desktop/work/projects/rayyan%20project/node_modules/@vitest/runner/dist/chunk-artifact.js:2313:10)"],"meta":{},"tags":[]}],"startTime":1774472727729,"endTime":1774472727922.9604,"status":"failed","message":"","name":"C:/Users/dynamic computer/Desktop/work/projects/rayyan project/frontend/src/tests/CustomerFormPage.test.tsx"},{"assertionResults":[{"ancestorTitles":["CustomerInvoiceFormPage"],"fullName":"CustomerInvoiceFormPage posts an invoice and redirects","status":"passed","title":"posts an invoice and redirects","duration":670.1487999999999,"failureMessages":[],"meta":{},"tags":[]}],"startTime":1774472727728,"endTime":1774472728398.1487,"status":"passed","message":"","name":"C:/Users/dynamic computer/Desktop/work/projects/rayyan project/frontend/src/tests/CustomerInvoiceFormPage.test.tsx"},{"assertionResults":[{"ancestorTitles":["CustomerInvoicesPage"],"fullName":"CustomerInvoicesPage renders the customer invoices list","status":"passed","title":"renders the customer invoices list","duration":307.2374999999993,"failureMessages":[],"meta":{},"tags":[]}],"startTime":1774472733217,"endTime":1774472733524.2375,"status":"passed","message":"","name":"C:/Users/dynamic computer/Desktop/work/projects/rayyan project/frontend/src/tests/CustomerInvoicesPage.test.tsx"},{"assertionResults":[{"ancestorTitles":["CustomersPage"],"fullName":"CustomersPage renders the customers list","status":"passed","title":"renders the customers list","duration":91.24290000000019,"failureMessages":[],"meta":{},"tags":[]}],"startTime":1774472734293,"endTime":1774472734384.243,"status":"passed","message":"","name":"C:/Users/dynamic computer/Desktop/work/projects/rayyan project/frontend/src/tests/CustomersPage.test.tsx"},{"assertionResults":[{"ancestorTitles":["DashboardPage"],"fullName":"DashboardPage renders the dashboard summary cards with data from API","status":"passed","title":"renders the dashboard summary cards with data from API","duration":213.1659999999997,"failureMessages":[],"meta":{},"tags":[]}],"startTime":1774472727732,"endTime":1774472727945.166,"status":"passed","message":"","name":"C:/Users/dynamic computer/Desktop/work/projects/rayyan project/frontend/src/tests/Dashboard.test.tsx"},{"assertionResults":[{"ancestorTitles":["JournalEntriesPage"],"fullName":"JournalEntriesPage renders the journal entries list with lines","status":"passed","title":"renders the journal entries list with lines","duration":303.89639999999963,"failureMessages":[],"meta":{},"tags":[]}],"startTime":1774472733440,"endTime":1774472733743.8965,"status":"passed","message":"","name":"C:/Users/dynamic computer/Desktop/work/projects/rayyan project/frontend/src/tests/JournalEntriesPage.test.tsx"},{"assertionResults":[{"ancestorTitles":["PaymentsPage"],"fullName":"PaymentsPage renders the payments list","status":"passed","title":"renders the payments list","duration":279.1071000000002,"failureMessages":[],"meta":{},"tags":[]}],"startTime":1774472727838,"endTime":1774472728117.1072,"status":"passed","message":"","name":"C:/Users/dynamic computer/Desktop/work/projects/rayyan project/frontend/src/tests/PaymentsPage.test.tsx"},{"assertionResults":[{"ancestorTitles":["ReceiptsPage"],"fullName":"ReceiptsPage renders the receipts list","status":"passed","title":"renders the receipts list","duration":416.65360000000055,"failureMessages":[],"meta":{},"tags":[]}],"startTime":1774472733228,"endTime":1774472733644.6536,"status":"passed","message":"","name":"C:/Users/dynamic computer/Desktop/work/projects/rayyan project/frontend/src/tests/ReceiptsPage.test.tsx"},{"assertionResults":[{"ancestorTitles":["VendorFormPage"],"fullName":"VendorFormPage submits the form and navigates on success","status":"passed","title":"submits the form and navigates on success","duration":143.32610000000022,"failureMessages":[],"meta":{},"tags":[]},{"ancestorTitles":["VendorFormPage"],"fullName":"VendorFormPage shows error message on API failure","status":"passed","title":"shows error message on API failure","duration":63.40729999999985,"failureMessages":[],"meta":{},"tags":[]}],"startTime":1774472727729,"endTime":1774472727935.4072,"status":"passed","message":"","name":"C:/Users/dynamic computer/Desktop/work/projects/rayyan project/frontend/src/tests/VendorForm.test.tsx"},{"assertionResults":[{"ancestorTitles":["VendorInvoiceFormPage"],"fullName":"VendorInvoiceFormPage posts a bill and redirects","status":"passed","title":"posts a bill and redirects","duration":385.53600000000006,"failureMessages":[],"meta":{},"tags":[]}],"startTime":1774472733425,"endTime":1774472733810.536,"status":"passed","message":"","name":"C:/Users/dynamic computer/Desktop/work/projects/rayyan project/frontend/src/tests/VendorInvoiceForm.test.tsx"},{"assertionResults":[{"ancestorTitles":["VendorInvoicesPage"],"fullName":"VendorInvoicesPage renders the vendor invoices list","status":"failed","title":"renders the vendor invoices list","duration":115.62910000000011,"failureMessages":["TestingLibraryElementError: Unable to find an element with the text: /Vendor Invoices \\(Bills\\)/i. This could be because the text is broken up by multiple elements. In this case, you can provide a function for your text matcher to make your matcher more flexible.\n\nIgnored nodes: comments, script, style\n\u001b[36m<body>\u001b[39m\n  \u001b[36m<div>\u001b[39m\n    \u001b[36m<div\u001b[39m\n      \u001b[33mclass\u001b[39m=\u001b[32m\"vendor-invoices-page\"\u001b[39m\n    \u001b[36m>\u001b[39m\n      \u001b[36m<div\u001b[39m\n        \u001b[33mclass\u001b[39m=\u001b[32m\"page-header\"\u001b[39m\n      \u001b[36m>\u001b[39m\n        \u001b[36m<div\u001b[39m\n          \u001b[33mclass\u001b[39m=\u001b[32m\"header-title-row\"\u001b[39m\n        \u001b[36m>\u001b[39m\n          \u001b[36m<h1\u001b[39m\n            \u001b[33mclass\u001b[39m=\u001b[32m\"page-title\"\u001b[39m\n          \u001b[36m>\u001b[39m\n            \u001b[0mVendor Bills\u001b[0m\n          \u001b[36m</h1>\u001b[39m\n        \u001b[36m</div>\u001b[39m\n        \u001b[36m<button\u001b[39m\n          \u001b[33mclass\u001b[39m=\u001b[32m\"primary-button\"\u001b[39m\n        \u001b[36m>\u001b[39m\n          \u001b[0mRecord Bill\u001b[0m\n        \u001b[36m</button>\u001b[39m\n      \u001b[36m</div>\u001b[39m\n      \u001b[36m<div\u001b[39m\n        \u001b[33mclass\u001b[39m=\u001b[32m\"table-card\"\u001b[39m\n      \u001b[36m>\u001b[39m\n        \u001b[36m<div\u001b[39m\n          \u001b[33mclass\u001b[39m=\u001b[32m\"table-loading\"\u001b[39m\n        \u001b[36m>\u001b[39m\n          \u001b[0mLoading...\u001b[0m\n        \u001b[36m</div>\u001b[39m\n      \u001b[36m</div>\u001b[39m\n    \u001b[36m</div>\u001b[39m\n  \u001b[36m</div>\u001b[39m\n\u001b[36m</body>\u001b[39m\n    at Object.getElementError (C:\\Users\\dynamic computer\\Desktop\\work\\projects\\rayyan project\\node_modules\\@testing-library\\dom\\dist\\config.js:37:19)\n    at C:\\Users\\dynamic computer\\Desktop\\work\\projects\\rayyan project\\node_modules\\@testing-library\\dom\\dist\\query-helpers.js:76:38\n    at C:\\Users\\dynamic computer\\Desktop\\work\\projects\\rayyan project\\node_modules\\@testing-library\\dom\\dist\\query-helpers.js:52:17\n    at C:\\Users\\dynamic computer\\Desktop\\work\\projects\\rayyan project\\node_modules\\@testing-library\\dom\\dist\\query-helpers.js:95:19\n    at C:/Users/dynamic computer/Desktop/work/projects/rayyan project/frontend/src/tests/VendorInvoicesPage.test.tsx:32:19\n    at file:///C:/Users/dynamic%20computer/Desktop/work/projects/rayyan%20project/node_modules/@vitest/runner/dist/chunk-artifact.js:302:11\n    at file:///C:/Users/dynamic%20computer/Desktop/work/projects/rayyan%20project/node_modules/@vitest/runner/dist/chunk-artifact.js:1893:26\n    at file:///C:/Users/dynamic%20computer/Desktop/work/projects/rayyan%20project/node_modules/@vitest/runner/dist/chunk-artifact.js:2316:20\n    at new Promise (<anonymous>)\n    at runWithCancel (file:///C:/Users/dynamic%20computer/Desktop/work/projects/rayyan%20project/node_modules/@vitest/runner/dist/chunk-artifact.js:2313:10)"],"meta":{},"tags":[]}],"startTime":1774472727764,"endTime":1774472727879.6292,"status":"failed","message":"","name":"C:/Users/dynamic computer/Desktop/work/projects/rayyan project/frontend/src/tests/VendorInvoicesPage.test.tsx"},{"assertionResults":[{"ancestorTitles":["VendorsPage"],"fullName":"VendorsPage renders the vendors list","status":"passed","title":"renders the vendors list","duration":163.3135999999995,"failureMessages":[],"meta":{},"tags":[]}],"startTime":1774472733997,"endTime":1774472734160.3137,"status":"passed","message":"","name":"C:/Users/dynamic computer/Desktop/work/projects/rayyan project/frontend/src/tests/VendorsPage.test.tsx"}]}